
C57BL_6NJ : READS WITH ADAPTERS
Reads with adapters:                   198,349 (99.2%)

C57BL_6NJ : TOTAL BASEPAIR FOR
Total basepairs processed:    10,000,000 bp

SPRET_EiJ : READS WITH ADAPTERS
Reads with adapters:                   198,838 (99.4%)

SPRET_EiJ : TOTAL BASEPAIR FOR
Total basepairs processed:    10,000,000 bp

C57BL_6NJ : UNIQUELY MAPPED READS

C57BL_6NJ : PERCENTAGE OF READS MAPPED TO MULTIPLE LOCI

C57BL_6NJ PERCENTAGE OF READS MAPPET TO TOO MANY LOCI

C57BL_6NJ : READS WITH ADAPTERS
Reads with adapters:                   198,349 (99.2%)

C57BL_6NJ : TOTAL BASEPAIR FOR
Total basepairs processed:    10,000,000 bp

SPRET_EiJ : READS WITH ADAPTERS
Reads with adapters:                   198,838 (99.4%)

SPRET_EiJ : TOTAL BASEPAIR FOR
Total basepairs processed:    10,000,000 bp

C57BL_6NJ : UNIQUELY MAPPED READS

C57BL_6NJ : PERCENTAGE OF READS MAPPED TO MULTIPLE LOCI

C57BL_6NJ PERCENTAGE OF READS MAPPET TO TOO MANY LOCI

SPRET_EiJ : UNIQUELY MAPPED READS

SPRET_EiJ : PERCENTAGE OF READS MAPPED TO MULTIPLE LOCI

SPRET_EiJ PERCENTAGE OF READS MAPPET TO TOO MANY LOCI

C57BL_6NJ : READS WITH ADAPTERS
Reads with adapters:                   198,349 (99.2%)

C57BL_6NJ : TOTAL BASEPAIR FOR
Total basepairs processed:    10,000,000 bp

SPRET_EiJ : READS WITH ADAPTERS
Reads with adapters:                   198,838 (99.4%)

SPRET_EiJ : TOTAL BASEPAIR FOR
Total basepairs processed:    10,000,000 bp

C57BL_6NJ : UNIQUELY MAPPED READS

C57BL_6NJ : PERCENTAGE OF READS MAPPED TO MULTIPLE LOCI

C57BL_6NJ PERCENTAGE OF READS MAPPET TO TOO MANY LOCI

SPRET_EiJ : UNIQUELY MAPPED READS

SPRET_EiJ : PERCENTAGE OF READS MAPPED TO MULTIPLE LOCI

SPRET_EiJ PERCENTAGE OF READS MAPPET TO TOO MANY LOCI

C57BL_6NJ : READS WITH ADAPTERS
Reads with adapters:                   198,349 (99.2%)

C57BL_6NJ : TOTAL BASEPAIR FOR
Total basepairs processed:    10,000,000 bp

SPRET_EiJ : READS WITH ADAPTERS
Reads with adapters:                   198,838 (99.4%)

SPRET_EiJ : TOTAL BASEPAIR FOR
Total basepairs processed:    10,000,000 bp

C57BL_6NJ : UNIQUELY MAPPED READS
                        Uniquely mapped reads % |	3.18%

C57BL_6NJ : PERCENTAGE OF READS MAPPED TO MULTIPLE LOCI
             % of reads mapped to multiple loci |	4.56%

C57BL_6NJ PERCENTAGE OF READS MAPPET TO TOO MANY LOCI
             % of reads mapped to too many loci |	0.77%

SPRET_EiJ : UNIQUELY MAPPED READS
                        Uniquely mapped reads % |	2.89%

SPRET_EiJ : PERCENTAGE OF READS MAPPED TO MULTIPLE LOCI
             % of reads mapped to multiple loci |	4.21%

SPRET_EiJ PERCENTAGE OF READS MAPPET TO TOO MANY LOCI
             % of reads mapped to too many loci |	1.15%

C57BL_6NJ : READS WITH ADAPTERS
Reads with adapters:                   198,349 (99.2%)

C57BL_6NJ : TOTAL BASEPAIR FOR
Total basepairs processed:    10,000,000 bp

SPRET_EiJ : READS WITH ADAPTERS
Reads with adapters:                   198,838 (99.4%)

SPRET_EiJ : TOTAL BASEPAIR FOR
Total basepairs processed:    10,000,000 bp

C57BL_6NJ : UNIQUELY MAPPED READS
                        Uniquely mapped reads % |	3.18%

C57BL_6NJ : PERCENTAGE OF READS MAPPED TO MULTIPLE LOCI
             % of reads mapped to multiple loci |	4.56%

C57BL_6NJ PERCENTAGE OF READS MAPPET TO TOO MANY LOCI
             % of reads mapped to too many loci |	0.77%

SPRET_EiJ : UNIQUELY MAPPED READS
                        Uniquely mapped reads % |	2.89%

SPRET_EiJ : PERCENTAGE OF READS MAPPED TO MULTIPLE LOCI
             % of reads mapped to multiple loci |	4.21%

SPRET_EiJ PERCENTAGE OF READS MAPPET TO TOO MANY LOCI
             % of reads mapped to too many loci |	1.15%

C57BL_6NJ : READS WITH ADAPTERS
Reads with adapters:                   198,349 (99.2%)

C57BL_6NJ : TOTAL BASEPAIR FOR
Total basepairs processed:    10,000,000 bp

SPRET_EiJ : READS WITH ADAPTERS
Reads with adapters:                   198,838 (99.4%)

SPRET_EiJ : TOTAL BASEPAIR FOR
Total basepairs processed:    10,000,000 bp

C57BL_6NJ : UNIQUELY MAPPED READS
                        Uniquely mapped reads % |	3.18%

C57BL_6NJ : PERCENTAGE OF READS MAPPED TO MULTIPLE LOCI
             % of reads mapped to multiple loci |	4.56%

C57BL_6NJ PERCENTAGE OF READS MAPPET TO TOO MANY LOCI
             % of reads mapped to too many loci |	0.77%

SPRET_EiJ : UNIQUELY MAPPED READS
                        Uniquely mapped reads % |	2.89%

SPRET_EiJ : PERCENTAGE OF READS MAPPED TO MULTIPLE LOCI
             % of reads mapped to multiple loci |	4.21%

SPRET_EiJ PERCENTAGE OF READS MAPPET TO TOO MANY LOCI
             % of reads mapped to too many loci |	1.15%
